2019-03-24 18:17:54,693 : ERROR : Worker-1 : FileWorkflowPersistor : Vector Creation : 1:19 : Unable to load node with ID suffix 10 into workflow, skipping it: null
java.lang.NullPointerException
	at org.knime.ext.textprocessing.preferences.StoragePreferenceInitializer.fileStoreChunkSize(StoragePreferenceInitializer.java:87)
	at org.knime.ext.textprocessing.util.TextContainerDataCellFactoryBuilder.createDocumentCellFactory(TextContainerDataCellFactoryBuilder.java:72)
	at org.knime.ext.textprocessing.nodes.transformation.documentvector.DocumentVectorNodeModel2.<init>(DocumentVectorNodeModel2.java:155)
	at org.knime.ext.textprocessing.nodes.transformation.documentvector.DocumentVectorNodeFactory2.createNodeModel(DocumentVectorNodeFactory2.java:75)
	at org.knime.ext.textprocessing.nodes.transformation.documentvector.DocumentVectorNodeFactory2.createNodeModel(DocumentVectorNodeFactory2.java:1)
	at org.knime.core.node.NodeFactory.callCreateNodeModel(NodeFactory.java:481)
	at org.knime.core.node.Node.<init>(Node.java:264)
	at org.knime.core.node.Node.<init>(Node.java:254)
	at org.knime.core.node.workflow.FileNativeNodeContainerPersistor.preLoadNodeContainer(FileNativeNodeContainerPersistor.java:208)
	at org.knime.core.node.workflow.FileWorkflowPersistor.loadNodeContainer(FileWorkflowPersistor.java:943)
	at org.knime.core.node.workflow.WorkflowManager.postLoad(WorkflowManager.java:7817)
	at org.knime.core.node.workflow.WorkflowManager.loadContent(WorkflowManager.java:7708)
	at org.knime.core.node.workflow.WorkflowManager.load(WorkflowManager.java:7662)
	at org.knime.core.node.workflow.WorkflowManager.load(WorkflowManager.java:7583)
	at org.knime.workbench.repository.RepositoryFactory.loadMetaNode(RepositoryFactory.java:219)
	at org.knime.workbench.repository.RepositoryFactory.createMetaNode(RepositoryFactory.java:167)
	at org.knime.workbench.repository.RepositoryManager.readMetanodes(RepositoryManager.java:223)
	at org.knime.workbench.repository.RepositoryManager.readRepository(RepositoryManager.java:179)
	at org.knime.workbench.repository.RepositoryManager.getRoot(RepositoryManager.java:644)
	at org.knime.workbench.repository.RepositoryManager.getRoot(RepositoryManager.java:657)
	at org.knime.workbench.workflowcoach.ui.WorkflowCoachView$3.run(WorkflowCoachView.java:272)
	at org.eclipse.core.internal.jobs.Worker.run(Worker.java:56)
2019-03-24 18:32:11,727 : ERROR : Worker-1 : FileWorkflowPersistor : Vector Creation : 1:19 : Unable to load node with ID suffix 10 into workflow, skipping it: null
java.lang.NullPointerException
	at org.knime.ext.textprocessing.preferences.StoragePreferenceInitializer.fileStoreChunkSize(StoragePreferenceInitializer.java:87)
	at org.knime.ext.textprocessing.util.TextContainerDataCellFactoryBuilder.createDocumentCellFactory(TextContainerDataCellFactoryBuilder.java:72)
	at org.knime.ext.textprocessing.nodes.transformation.documentvector.DocumentVectorNodeModel2.<init>(DocumentVectorNodeModel2.java:155)
	at org.knime.ext.textprocessing.nodes.transformation.documentvector.DocumentVectorNodeFactory2.createNodeModel(DocumentVectorNodeFactory2.java:75)
	at org.knime.ext.textprocessing.nodes.transformation.documentvector.DocumentVectorNodeFactory2.createNodeModel(DocumentVectorNodeFactory2.java:1)
	at org.knime.core.node.NodeFactory.callCreateNodeModel(NodeFactory.java:481)
	at org.knime.core.node.Node.<init>(Node.java:264)
	at org.knime.core.node.Node.<init>(Node.java:254)
	at org.knime.core.node.workflow.FileNativeNodeContainerPersistor.preLoadNodeContainer(FileNativeNodeContainerPersistor.java:208)
	at org.knime.core.node.workflow.FileWorkflowPersistor.loadNodeContainer(FileWorkflowPersistor.java:943)
	at org.knime.core.node.workflow.WorkflowManager.postLoad(WorkflowManager.java:7817)
	at org.knime.core.node.workflow.WorkflowManager.loadContent(WorkflowManager.java:7708)
	at org.knime.core.node.workflow.WorkflowManager.load(WorkflowManager.java:7662)
	at org.knime.core.node.workflow.WorkflowManager.load(WorkflowManager.java:7583)
	at org.knime.workbench.repository.RepositoryFactory.loadMetaNode(RepositoryFactory.java:219)
	at org.knime.workbench.repository.RepositoryFactory.createMetaNode(RepositoryFactory.java:167)
	at org.knime.workbench.repository.RepositoryManager.readMetanodes(RepositoryManager.java:223)
	at org.knime.workbench.repository.RepositoryManager.readRepository(RepositoryManager.java:179)
	at org.knime.workbench.repository.RepositoryManager.getRoot(RepositoryManager.java:644)
	at org.knime.workbench.repository.RepositoryManager.getRoot(RepositoryManager.java:657)
	at org.knime.workbench.workflowcoach.ui.WorkflowCoachView$3.run(WorkflowCoachView.java:272)
	at org.eclipse.core.internal.jobs.Worker.run(Worker.java:56)
